<?xml version="1.0" encoding="UTF-8"?>
<testng-results ignored="0" total="1" passed="1" failed="0" skipped="0">
  <reporter-output>
  </reporter-output>
  <suite started-at="2022-12-14T16:52:53 IST" name="Default suite" finished-at="2022-12-14T16:52:53 IST" duration-ms="129">
    <groups>
    </groups>
    <test started-at="2022-12-14T16:52:53 IST" name="Default test" finished-at="2022-12-14T16:52:53 IST" duration-ms="129">
      <class name="github.SampleGit">
        <test-method signature="github()[pri:0, instance:github.SampleGit@18ce0030]" started-at="2022-12-14T16:52:53 IST" name="github" finished-at="2022-12-14T16:52:53 IST" duration-ms="21" status="PASS">
          <reporter-output>
          </reporter-output>
        </test-method> <!-- github -->
      </class> <!-- github.SampleGit -->
    </test> <!-- Default test -->
  </suite> <!-- Default suite -->
</testng-results>
